<?xml version="1.0" encoding="UTF-8"?>
<!-- Generated by org.testng.reporters.JUnitReportReporter -->
<testsuite hostname="DESKTOP-8BVMHVJ" failures="0" tests="1" name="TestCases.DropDown_SliderTest" time="0.425" errors="0" timestamp="2021-08-06T23:33:27 EDT" skipped="0">
  <testcase classname="TestCases.DropDown_SliderTest" name="dropdown" time="0.425"/>
  <system-out/>
</testsuite> <!-- TestCases.DropDown_SliderTest -->
