<?xml version="1.0" encoding="UTF-8"?>
<!-- Generated by org.testng.reporters.JUnitReportReporter -->
<testsuite hostname="DESKTOP-8BVMHVJ" failures="0" tests="1" name="TestCases.DropDownTest" time="0.361" errors="0" timestamp="2021-08-08T19:24:15 EDT" skipped="0">
  <testcase classname="TestCases.DropDownTest" name="dropdown" time="0.361"/>
  <system-out/>
</testsuite> <!-- TestCases.DropDownTest -->
