<?xml version="1.0" encoding="UTF-8"?>
<!-- Generated by org.testng.reporters.JUnitReportReporter -->
<testsuite hostname="DESKTOP-8BVMHVJ" failures="0" tests="1" name="base.baseTest" time="3.128" errors="0" timestamp="2021-08-05T20:55:50 EDT" skipped="0">
  <testcase classname="base.baseTest" name="setup" time="3.128"/>
  <system-out/>
</testsuite> <!-- base.baseTest -->
