<?xml version="1.0" encoding="UTF-8"?>
<!-- Generated by org.testng.reporters.JUnitReportReporter -->
<testsuite hostname="DESKTOP-8BVMHVJ" failures="0" tests="1" name="TestCases.CheckboxTest" time="0.523" errors="0" timestamp="2021-08-08T21:56:16 EDT" skipped="0">
  <testcase classname="TestCases.CheckboxTest" name="checkbox" time="0.523"/>
  <system-out/>
</testsuite> <!-- TestCases.CheckboxTest -->
